<?xml version="1.0" encoding="UTF-8"?>
<!-- Generated by org.testng.reporters.JUnitReportReporter -->
<testsuite hostname="DESKTOP-6896HKL" failures="0" tests="2" name="qaclickacademy.AppiumTest" time="0.014" errors="0" timestamp="22 May 2021 17:37:06 GMT">
  <testcase classname="qaclickacademy.AppiumTest" name="IOSApps" time="0.014"/>
  <testcase classname="qaclickacademy.AppiumTest" name="nativeAppAndroid" time="0.000"/>
</testsuite> <!-- qaclickacademy.AppiumTest -->
