<?xml version="1.0" encoding="UTF-8"?>
<!-- Generated by org.testng.reporters.JUnitReportReporter -->
<testsuite hostname="DESKTOP-6896HKL" failures="0" tests="4" name="test.Chapter_5" time="0.027" errors="0" timestamp="2021-05-21T15:30:50 IST" skipped="1">
  <testcase classname="test.Chapter_5" name="beforemethod" time="0.010"/>
  <system-out/>
  <testcase classname="test.Chapter_5" name="aftermetho" time="0.015"/>
  <system-out/>
  <testcase classname="test.Chapter_5" name="demo1" time="0.002"/>
  <system-out/>
  <testcase classname="test.Chapter_5" name="demo2">
    <skipped/>
  </testcase> <!-- demo2 -->
  <system-out/>
</testsuite> <!-- test.Chapter_5 -->
