<?xml version="1.0" encoding="UTF-8"?>
<!-- Generated by org.testng.reporters.JUnitReportReporter -->
<testsuite hostname="DESKTOP-6896HKL" failures="0" tests="1" name="test.Chapter_3" time="0.007" errors="0" timestamp="2021-05-21T12:07:13 IST" skipped="0">
  <testcase classname="test.Chapter_3" name="demo3" time="0.007"/>
  <system-out/>
</testsuite> <!-- test.Chapter_3 -->
