<?xml version="1.0" encoding="UTF-8"?>
<!-- Generated by org.testng.reporters.JUnitReportReporter -->
<testsuite hostname="DESKTOP-6896HKL" failures="0" tests="1" name="test.Chapter_4" time="0.016" errors="0" timestamp="2021-05-21T13:13:14 IST" skipped="0">
  <testcase classname="test.Chapter_4" name="vlog" time="0.016"/>
  <system-out/>
</testsuite> <!-- test.Chapter_4 -->
