<?xml version="1.0" encoding="UTF-8"?>
<!-- Generated by org.testng.reporters.JUnitReportReporter -->
<testsuite hostname="DESKTOP-6896HKL" failures="0" tests="1" name="test.Chapter_2" time="0.004" errors="0" timestamp="2021-05-21T11:07:30 IST" skipped="0">
  <testcase classname="test.Chapter_2" name="demo5" time="0.004"/>
  <system-out/>
</testsuite> <!-- test.Chapter_2 -->
