<?xml version="1.0" encoding="UTF-8"?>
<!-- Generated by org.testng.reporters.JUnitReportReporter -->
<testsuite hostname="DESKTOP-6896HKL" failures="0" tests="2" name="test.Chapter_1" time="0.031" errors="0" timestamp="2021-05-21T13:06:16 IST" skipped="0">
  <testcase classname="test.Chapter_1" name="demo1" time="0.015"/>
  <system-out/>
  <testcase classname="test.Chapter_1" name="demo2" time="0.016"/>
  <system-out/>
</testsuite> <!-- test.Chapter_1 -->
