<?xml version="1.0" encoding="UTF-8"?>
<!-- Generated by org.testng.reporters.JUnitReportReporter -->
<testsuite hostname="DESKTOP-6896HKL" failures="0" tests="1" name="main.Login" time="12.349" errors="0" timestamp="2021-05-21T21:07:42 IST" skipped="0">
  <testcase classname="main.Login" name="loginpage" time="12.349"/>
  <system-out/>
</testsuite> <!-- main.Login -->
