<?xml version="1.0" encoding="UTF-8"?>
<!-- Generated by org.testng.reporters.JUnitReportReporter -->
<testsuite hostname="DESKTOP-6896HKL" failures="0" tests="1" name="Login" time="13.774" errors="0" timestamp="2021-05-21T20:24:21 IST" skipped="0">
  <testcase classname="Login" name="loginpage" time="13.774"/>
  <system-out/>
</testsuite> <!-- Login -->
