<?xml version="1.0" encoding="UTF-8"?>
<!-- Generated by org.testng.reporters.JUnitReportReporter -->
<testsuite skipped="0" hostname="DESKTOP-6896HKL" name="vendorMangment.addDriver" tests="1" failures="0" timestamp="2021-06-16T12:59:25 IST" time="7.734" errors="0">
  <testcase name="newDriver" time="7.734" classname="vendorMangment.addDriver"/>
  <system-out/>
</testsuite> <!-- vendorMangment.addDriver -->
