<?xml version="1.0" encoding="UTF-8"?>
<!-- Generated by org.testng.reporters.JUnitReportReporter -->
<testsuite skipped="0" hostname="DESKTOP-6896HKL" name="test.navigate" tests="1" failures="0" timestamp="2021-06-16T10:13:07 IST" time="5.510" errors="0">
  <testcase name="baseUrl" time="5.510" classname="test.navigate"/>
  <system-out/>
</testsuite> <!-- test.navigate -->
