<?xml version="1.0" encoding="UTF-8"?>
<!-- Generated by org.testng.reporters.JUnitReportReporter -->
<testsuite skipped="0" hostname="DESKTOP-6896HKL" name="Chapter_17" tests="1" failures="0" timestamp="2021-06-16T06:40:19 IST" time="0.017" errors="0">
  <testcase name="streamCollect" time="0.017" classname="Chapter_17"/>
  <system-out/>
</testsuite> <!-- Chapter_17 -->
