<?xml version="1.0" encoding="UTF-8"?>
<!-- Generated by org.testng.reporters.JUnitReportReporter -->
<testsuite skipped="0" hostname="DESKTOP-6896HKL" name="Academy.validateNavigation" tests="1" failures="0" timestamp="2021-05-30T18:33:46 IST" time="1.000" errors="0">
  <testcase name="baseNavigation" time="1.000" classname="Academy.validateNavigation"/>
  <system-out/>
</testsuite> <!-- Academy.validateNavigation -->
