<?xml version="1.0" encoding="UTF-8"?>
<!-- Generated by org.testng.reporters.JUnitReportReporter -->
<testsuite skipped="0" hostname="DESKTOP-6896HKL" name="Academy.HomePage" tests="2" failures="0" timestamp="2021-05-30T18:33:46 IST" time="21.384" errors="0">
  <testcase name="baseNavigation" time="15.802" classname="Academy.HomePage"/>
  <system-out/>
  <testcase name="baseNavigation" time="5.582" classname="Academy.HomePage"/>
  <system-out/>
</testsuite> <!-- Academy.HomePage -->
